Arguments: 
  D:\Softwares\nodeJS\node.exe D:\Softwares\nodeJS\bin\yarn.js add @fortawesome/font awesome-free

PATH: 
  C:\Program Files (x86)\Common Files\Oracle\Java\javapath;C:\Windows\system32;C:\Windows;C:\Windows\System32\Wbem;C:\Windows\System32\WindowsPowerShell\v1.0\;C:\Windows\System32\OpenSSH\;C:\Program Files\dotnet\;C:\Program Files\Microsoft SQL Server\130\Tools\Binn\;C:\Program Files\Microsoft SQL Server\Client SDK\ODBC\170\Tools\Binn\;D:\Softwares\Putty\;D:\Softwares\nodeJS\bin\;D:\Softwares\Git\Git\cmd;D:\Softwares\Git\Git\mingw64\bin;D:\Softwares\Git\Git\usr\bin;C:\Program Files\Docker\Docker\resources\bin;C:\ProgramData\DockerDesktop\version-bin;D:\Softwares\nodeJS\;C:\Users\karan\AppData\Local\Microsoft\WindowsApps;D:\Softwares\Visual Studio\Microsoft VS Code\bin;C:\Users\karan\AppData\Local\GitHubDesktop\bin;C:\Users\karan\AppData\Local\Yarn\bin;C:\Users\karan\AppData\Roaming\Dashlane\6.2004.0.32112\bin\Firefox_Extension\{442718d9-475e-452a-b3e1-fb1ee16b8e9f}\components;C:\Users\karan\AppData\Roaming\Dashlane\6.2004.0.32112\ucrt;C:\Users\karan\AppData\Roaming\Dashlane\6.2004.0.32112\bin\Qt;C:\Users\karan\AppData\Roaming\Dashlane\6.2004.0.32112\ucrt;C:\Users\karan\AppData\Roaming\Dashlane\6.2004.0.32112\bin\Ssl;C:\Users\karan\AppData\Roaming\npm

Yarn version: 
  1.21.1

Node version: 
  13.12.0

Platform: 
  win32 x64

Trace: 
  Error: https://registry.yarnpkg.com/@fortawesome%2ffont: Not found
      at Request.params.callback [as _callback] (D:\Softwares\nodeJS\lib\cli.js:66056:18)
      at Request.self.callback (D:\Softwares\nodeJS\lib\cli.js:140665:22)
      at Request.emit (events.js:315:20)
      at Request.<anonymous> (D:\Softwares\nodeJS\lib\cli.js:141637:10)
      at Request.emit (events.js:315:20)
      at IncomingMessage.<anonymous> (D:\Softwares\nodeJS\lib\cli.js:141559:12)
      at Object.onceWrapper (events.js:421:28)
      at IncomingMessage.emit (events.js:327:22)
      at endReadableNT (_stream_readable.js:1201:12)
      at processTicksAndRejections (internal/process/task_queues.js:84:21)

npm manifest: 
  {
    "name": "public",
    "version": "1.0.0",
    "main": "index.js",
    "license": "MIT",
    "dependencies": {
      "bootstrap": "^4.4.1",
      "jquery": "^3.4.1"
    }
  }

yarn manifest: 
  No manifest

Lockfile: 
  # THIS IS AN AUTOGENERATED FILE. DO NOT EDIT THIS FILE DIRECTLY.
  # yarn lockfile v1
  
  
  bootstrap@^4.4.1:
    version "4.4.1"
    resolved "https://registry.yarnpkg.com/bootstrap/-/bootstrap-4.4.1.tgz#8582960eea0c5cd2bede84d8b0baf3789c3e8b01"
    integrity sha512-tbx5cHubwE6e2ZG7nqM3g/FZ5PQEDMWmMGNrCUBVRPHXTJaH7CBDdsLeu3eCh3B1tzAxTnAbtmrzvWEvT2NNEA==
  
  jquery@^3.4.1:
    version "3.4.1"
    resolved "https://registry.yarnpkg.com/jquery/-/jquery-3.4.1.tgz#714f1f8d9dde4bdfa55764ba37ef214630d80ef2"
    integrity sha512-36+AdBzCL+y6qjw5Tx7HgzeGCzC81MDDgaUP8ld2zhx58HdqXGoBd+tHdrBMiyjGQs0Hxs/MLZTu/eHNJJuWPw==
